<?xml version="1.0" encoding="UTF-8"?>
<!-- Generated by org.testng.reporters.JUnitReportReporter -->
<testsuite skipped="1" hostname="MX-IT01128" name="com.globant.autoTrainningSelenium.test.wikipedia.WikiTNGTest" tests="1" failures="0" timestamp="26 Mar 2018 22:52:53 GMT" time="0.000" errors="0">
  <testcase name="testWikiSearch" time="0.000" classname="com.globant.autoTrainningSelenium.test.wikipedia.WikiTNGTest">
    <skipped/>
  </testcase> <!-- testWikiSearch -->
</testsuite> <!-- com.globant.autoTrainningSelenium.test.wikipedia.WikiTNGTest -->
