<?xml version="1.0" encoding="UTF-8"?>
<!-- Generated by org.testng.reporters.JUnitReportReporter -->
<testsuite skipped="0" hostname="MX-IT01128" name="com.globant.autoTrainingSelenium.test.starbucks.StarbucksTest" tests="8" failures="0" timestamp="03 Apr 2018 18:08:44 GMT" time="58.620" errors="0">
  <testcase name="test2" time="4.310" classname="com.globant.autoTrainingSelenium.test.starbucks.StarbucksTest"/>
  <testcase name="test2" time="4.628" classname="com.globant.autoTrainingSelenium.test.starbucks.StarbucksTest"/>
  <testcase name="test2" time="9.221" classname="com.globant.autoTrainingSelenium.test.starbucks.StarbucksTest"/>
  <testcase name="test3" time="9.100" classname="com.globant.autoTrainingSelenium.test.starbucks.StarbucksTest"/>
  <testcase name="test1" time="3.591" classname="com.globant.autoTrainingSelenium.test.starbucks.StarbucksTest"/>
  <testcase name="test3" time="9.795" classname="com.globant.autoTrainingSelenium.test.starbucks.StarbucksTest"/>
  <testcase name="test3" time="13.462" classname="com.globant.autoTrainingSelenium.test.starbucks.StarbucksTest"/>
  <testcase name="test2" time="4.513" classname="com.globant.autoTrainingSelenium.test.starbucks.StarbucksTest"/>
</testsuite> <!-- com.globant.autoTrainingSelenium.test.starbucks.StarbucksTest -->
