<?xml version="1.0" encoding="UTF-8"?>
<!-- Generated by org.testng.reporters.JUnitReportReporter -->
<testsuite skipped="0" hostname="MX-IT01128" name="com.globant.autoTrainningSelenium.test.starbucks.StarbucksTest" tests="5" failures="0" timestamp="28 Mar 2018 00:22:21 GMT" time="25.975" errors="0">
  <testcase name="test2" time="4.918" classname="com.globant.autoTrainningSelenium.test.starbucks.StarbucksTest"/>
  <testcase name="test2" time="4.979" classname="com.globant.autoTrainningSelenium.test.starbucks.StarbucksTest"/>
  <testcase name="test2" time="4.791" classname="com.globant.autoTrainningSelenium.test.starbucks.StarbucksTest"/>
  <testcase name="test1" time="2.339" classname="com.globant.autoTrainningSelenium.test.starbucks.StarbucksTest"/>
  <testcase name="test2" time="8.948" classname="com.globant.autoTrainningSelenium.test.starbucks.StarbucksTest"/>
</testsuite> <!-- com.globant.autoTrainningSelenium.test.starbucks.StarbucksTest -->
