<?xml version="1.0" encoding="UTF-8"?>
<!-- Generated by org.testng.reporters.JUnitReportReporter -->
<testsuite skipped="0" hostname="MX-IT01128" name="com.globant.autoTrainingSelenium.test.starbucks.StarbucksTest" tests="8" failures="0" timestamp="11 Apr 2018 20:37:35 GMT" time="73.527" errors="0">
  <testcase name="test2" time="5.878" classname="com.globant.autoTrainingSelenium.test.starbucks.StarbucksTest"/>
  <testcase name="test1" time="5.214" classname="com.globant.autoTrainingSelenium.test.starbucks.StarbucksTest"/>
  <testcase name="test3" time="13.313" classname="com.globant.autoTrainingSelenium.test.starbucks.StarbucksTest"/>
  <testcase name="test2" time="6.010" classname="com.globant.autoTrainingSelenium.test.starbucks.StarbucksTest"/>
  <testcase name="test3" time="13.768" classname="com.globant.autoTrainingSelenium.test.starbucks.StarbucksTest"/>
  <testcase name="test2" time="10.583" classname="com.globant.autoTrainingSelenium.test.starbucks.StarbucksTest"/>
  <testcase name="test3" time="12.911" classname="com.globant.autoTrainingSelenium.test.starbucks.StarbucksTest"/>
  <testcase name="test2" time="5.850" classname="com.globant.autoTrainingSelenium.test.starbucks.StarbucksTest"/>
</testsuite> <!-- com.globant.autoTrainingSelenium.test.starbucks.StarbucksTest -->
