<?xml version="1.0" encoding="UTF-8"?>
<!-- Generated by org.testng.reporters.JUnitReportReporter -->
<testsuite skipped="0" hostname="MX-IT01128" name="com.globant.autoTrainingSelenium.test.starbucks.StarbucksTest" tests="8" failures="0" timestamp="03 Apr 2018 20:14:00 GMT" time="72.093" errors="0">
  <testcase name="test2" time="6.886" classname="com.globant.autoTrainingSelenium.test.starbucks.StarbucksTest"/>
  <testcase name="test3" time="11.311" classname="com.globant.autoTrainingSelenium.test.starbucks.StarbucksTest"/>
  <testcase name="test2" time="5.177" classname="com.globant.autoTrainingSelenium.test.starbucks.StarbucksTest"/>
  <testcase name="test1" time="3.252" classname="com.globant.autoTrainingSelenium.test.starbucks.StarbucksTest"/>
  <testcase name="test2" time="9.882" classname="com.globant.autoTrainingSelenium.test.starbucks.StarbucksTest"/>
  <testcase name="test2" time="6.158" classname="com.globant.autoTrainingSelenium.test.starbucks.StarbucksTest"/>
  <testcase name="test3" time="12.647" classname="com.globant.autoTrainingSelenium.test.starbucks.StarbucksTest"/>
  <testcase name="test3" time="16.780" classname="com.globant.autoTrainingSelenium.test.starbucks.StarbucksTest"/>
</testsuite> <!-- com.globant.autoTrainingSelenium.test.starbucks.StarbucksTest -->
