<?xml version="1.0" encoding="UTF-8"?>
<!-- Generated by org.testng.reporters.JUnitReportReporter -->
<testsuite skipped="8" hostname="MX-IT01128" name="com.globant.autoTrainingSelenium.test.starbucks.StarbucksTest" tests="8" failures="0" timestamp="02 Apr 2018 14:18:44 GMT" time="0.000" errors="0">
  <testcase name="test2" time="0.000" classname="com.globant.autoTrainingSelenium.test.starbucks.StarbucksTest">
    <skipped/>
  </testcase> <!-- test2 -->
  <testcase name="test2" time="0.000" classname="com.globant.autoTrainingSelenium.test.starbucks.StarbucksTest">
    <skipped/>
  </testcase> <!-- test2 -->
  <testcase name="test3" time="0.000" classname="com.globant.autoTrainingSelenium.test.starbucks.StarbucksTest">
    <skipped/>
  </testcase> <!-- test3 -->
  <testcase name="test3" time="0.000" classname="com.globant.autoTrainingSelenium.test.starbucks.StarbucksTest">
    <skipped/>
  </testcase> <!-- test3 -->
  <testcase name="test1" time="0.000" classname="com.globant.autoTrainingSelenium.test.starbucks.StarbucksTest">
    <skipped/>
  </testcase> <!-- test1 -->
  <testcase name="test3" time="0.000" classname="com.globant.autoTrainingSelenium.test.starbucks.StarbucksTest">
    <skipped/>
  </testcase> <!-- test3 -->
  <testcase name="test2" time="0.000" classname="com.globant.autoTrainingSelenium.test.starbucks.StarbucksTest">
    <skipped/>
  </testcase> <!-- test2 -->
  <testcase name="test2" time="0.000" classname="com.globant.autoTrainingSelenium.test.starbucks.StarbucksTest">
    <skipped/>
  </testcase> <!-- test2 -->
</testsuite> <!-- com.globant.autoTrainingSelenium.test.starbucks.StarbucksTest -->
